    ======  ======
    Time:6/13/2017 4:38:16 PM
    Title: Initiate log
    Message: 
    Time:6/13/2017 4:38:16 PM
    Title: Initiate InternalManager
    Message: Trying to Validate License
    Time:6/13/2017 4:38:16 PM
    Title: Requesting EVT
    Message: EVTP
    Time:6/13/2017 4:38:16 PM
    Title: Requesting Validation
    Message: ILMValidate
    Time:6/13/2017 4:38:16 PM
    Title: LICENSER
    Message: TRL MODE
    Time:6/13/2017 4:38:16 PM
    Title: LICENSER
    Message: DS LEFT-160
    Time:6/13/2017 4:38:16 PM
    Title: LICENSER
    Message: DT MARK PASSED-160.00:00:00
    Time:6/13/2017 4:38:16 PM
    Title: ILMValidate action
    Message: LIC
    Time:6/13/2017 4:38:16 PM
    Title: LICENSER - TGO
    Message: Start
    Feature '' is enabled for the current VSIX Xamarin.VisualStudio (4.1.1)
    Feature '' is enabled for the current VSIX Xamarin.VisualStudio (4.1.1)
    Feature '' is enabled for the current VSIX Xamarin.VisualStudio (4.1.1)
    Entering constructor for: Xamarin.VisualStudio.Shell.XamarinShellPackage
    Entering constructor for: Telerik.CommonPackage.Telerik_CommonPackagePackage
    Entering Initialize() of: Telerik.CommonPackage.Telerik_CommonPackagePackage
    Feature '' is enabled for the current VSIX Xamarin.VisualStudio (4.1.1)
    Entering constructor for: Microsoft.PythonTools.PythonToolsPackage
    Entering Initialize() of: Microsoft.PythonTools.PythonToolsPackage
    Failed to check for updates.
    devenv.exe Information: 0 : 6/13/2017 11:08:35 AM:  - TokenCache: Deserialized 9 items to token cache.
    devenv.exe Information: 0 : 6/13/2017 11:08:35 AM:  - AuthenticationContext: ADAL .NET with assembly version '2.16.0.0', file version '2.16.20422.1202' and informational version '7329346b1c69910ce7abd66c3f8a918c307827a1' is running...
    devenv.exe Information: 0 : 6/13/2017 11:08:35 AM: 5df27ce0-dc30-45c4-ba9e-caf18415288c - AcquireTokenHandlerBase: === Token Acquisition started:
	Authority: https://login.microsoftonline.com/f8cdef31-a31e-4b4a-93e4-5f571e91255a/
	Resource: 499b84ac-1321-427f-aa17-267ca6975798
	ClientId: 872cd9fa-d31f-45e0-9eab-6e460a02d1f1
	CacheType: Microsoft.VisualStudio.Services.Client.AccountManagement.AccountManagerAdalCache (9 items)
	Authentication Target: User
	
    devenv.exe Information: 0 : 6/13/2017 11:08:35 AM: 5df27ce0-dc30-45c4-ba9e-caf18415288c - TokenCache: Looking up cache for a token...
    devenv.exe Information: 0 : 6/13/2017 11:08:35 AM: 5df27ce0-dc30-45c4-ba9e-caf18415288c - TokenCache: No matching token was found in the cache
    devenv.exe Information: 0 : 6/13/2017 11:08:35 AM: 5df27ce0-dc30-45c4-ba9e-caf18415288c - AcquireTokenSilentHandler: No token matching arguments found in the cache
    devenv.exe Error: 0 : 6/13/2017 11:08:35 AM: 5df27ce0-dc30-45c4-ba9e-caf18415288c - <RunAsync>d__0: Microsoft.IdentityModel.Clients.ActiveDirectory.AdalSilentTokenAcquisitionException: Failed to acquire token silently. Call method AcquireToken
   at Microsoft.IdentityModel.Clients.ActiveDirectory.AcquireTokenSilentHandler.SendTokenRequestAsync()
   at Microsoft.IdentityModel.Clients.ActiveDirectory.AcquireTokenHandlerBase.<RunAsync>d__0.MoveNext()
	ErrorCode: failed_to_acquire_token_silently
    devenv.exe Information: 0 : 6/13/2017 11:08:36 AM: cbf60dc8-28cd-4194-92dd-a436c717e4e8 - AcquireTokenHandlerBase: === Token Acquisition started:
	Authority: https://login.microsoftonline.com/f8cdef31-a31e-4b4a-93e4-5f571e91255a/
	Resource: 499b84ac-1321-427f-aa17-267ca6975798
	ClientId: 872cd9fa-d31f-45e0-9eab-6e460a02d1f1
	CacheType: Microsoft.VisualStudio.Services.Client.AccountManagement.AccountManagerAdalCache (9 items)
	Authentication Target: User
	
    devenv.exe Information: 0 : 6/13/2017 11:08:36 AM: cbf60dc8-28cd-4194-92dd-a436c717e4e8 - TokenCache: Looking up cache for a token...
    devenv.exe Information: 0 : 6/13/2017 11:08:36 AM: cbf60dc8-28cd-4194-92dd-a436c717e4e8 - TokenCache: No matching token was found in the cache
    devenv.exe Information: 0 : 6/13/2017 11:08:36 AM: cbf60dc8-28cd-4194-92dd-a436c717e4e8 - AcquireTokenSilentHandler: No token matching arguments found in the cache
    devenv.exe Error: 0 : 6/13/2017 11:08:36 AM: cbf60dc8-28cd-4194-92dd-a436c717e4e8 - <RunAsync>d__0: Microsoft.IdentityModel.Clients.ActiveDirectory.AdalSilentTokenAcquisitionException: Failed to acquire token silently. Call method AcquireToken
   at Microsoft.IdentityModel.Clients.ActiveDirectory.AcquireTokenSilentHandler.SendTokenRequestAsync()
   at Microsoft.IdentityModel.Clients.ActiveDirectory.AcquireTokenHandlerBase.<RunAsync>d__0.MoveNext()
	ErrorCode: failed_to_acquire_token_silently
    devenv.exe Information: 0 : 6/13/2017 11:08:37 AM: 5fdaf2a8-e13c-4c7f-a9a4-4289e3d87ed0 - AcquireTokenHandlerBase: === Token Acquisition started:
	Authority: https://login.microsoftonline.com/f8cdef31-a31e-4b4a-93e4-5f571e91255a/
	Resource: 499b84ac-1321-427f-aa17-267ca6975798
	ClientId: 872cd9fa-d31f-45e0-9eab-6e460a02d1f1
	CacheType: Microsoft.VisualStudio.Services.Client.AccountManagement.AccountManagerAdalCache (9 items)
	Authentication Target: User
	
    devenv.exe Information: 0 : 6/13/2017 11:08:37 AM: 5fdaf2a8-e13c-4c7f-a9a4-4289e3d87ed0 - TokenCache: Looking up cache for a token...
    devenv.exe Information: 0 : 6/13/2017 11:08:37 AM: 5fdaf2a8-e13c-4c7f-a9a4-4289e3d87ed0 - TokenCache: No matching token was found in the cache
    devenv.exe Information: 0 : 6/13/2017 11:08:37 AM: 5fdaf2a8-e13c-4c7f-a9a4-4289e3d87ed0 - AcquireTokenSilentHandler: No token matching arguments found in the cache
    devenv.exe Error: 0 : 6/13/2017 11:08:37 AM: 5fdaf2a8-e13c-4c7f-a9a4-4289e3d87ed0 - <RunAsync>d__0: Microsoft.IdentityModel.Clients.ActiveDirectory.AdalSilentTokenAcquisitionException: Failed to acquire token silently. Call method AcquireToken
   at Microsoft.IdentityModel.Clients.ActiveDirectory.AcquireTokenSilentHandler.SendTokenRequestAsync()
   at Microsoft.IdentityModel.Clients.ActiveDirectory.AcquireTokenHandlerBase.<RunAsync>d__0.MoveNext()
	ErrorCode: failed_to_acquire_token_silently
    Web method running: [https://app.vssps.visualstudio.com/_apis/Token/SessionTokens?isPublic=False] (POST)SessionTokens[Token]
    Web method running: [https://app.vssps.visualstudio.com/_apis/connectionData?connectOptions=None&lastChangeId=240&lastChangeId64=240] (GET)connectionData[connectionData]
    Web method response: [https://app.vssps.visualstudio.com/_apis/connectionData?connectOptions=None&lastChangeId=240&lastChangeId64=240] (GET)connectionData[connectionData] 77 ms
    Web method running: [https://app.vsspsext.visualstudio.com/_apis/connectionData?connectOptions=None&lastChangeId=30306&lastChangeId64=30306] (GET)connectionData[connectionData]
    Web method response: [https://app.vsspsext.visualstudio.com/_apis/connectionData?connectOptions=None&lastChangeId=30306&lastChangeId64=30306] (GET)connectionData[connectionData] 111 ms
    Web method running: [https://app.vsspsext.visualstudio.com/_apis/Profile/Profiles/me?details=true&withattributes=false&coreattributes=Minimal%2CEmail%2CAvatar%2CDisplayName%2CAll] (GET)me[Profile]
    Web method response: [https://app.vsspsext.visualstudio.com/_apis/Profile/Profiles/me?details=true&withattributes=false&coreattributes=Minimal%2CEmail%2CAvatar%2CDisplayName%2CAll] (GET)me[Profile] 89 ms
    Web method running: [https://app.vsspsext.visualstudio.com/_apis/Profile/Locations?profilePageType=Update] (GET)Locations[Profile]
    Web method response: [https://app.vsspsext.visualstudio.com/_apis/Profile/Locations?profilePageType=Update] (GET)Locations[Profile] 18 ms
    Web method running: [https://app.vsspsext.visualstudio.com/_apis/Profile/Settings/ProfileRefreshInterval] (GET)ProfileRefreshInterval[Profile]
    Web method response: [https://app.vsspsext.visualstudio.com/_apis/Profile/Settings/ProfileRefreshInterval] (GET)ProfileRefreshInterval[Profile] 21 ms
    Web method running: [https://app.vsspsext.visualstudio.com/_apis/Profile/Profiles/me/Attributes?partition=VisualStudio.14_PreferredProfile&modifiedafterrevision=531763] (GET)Attributes[Profile]
    Web method running: [https://app.vsspsext.visualstudio.com/_apis/Profile/Profiles/me/Avatar?size=Small] (GET)Avatar[Profile]
    Web method running: [https://app.vsspsext.visualstudio.com/_apis/Profile/Profiles/me/Avatar?size=Large] (GET)Avatar[Profile]
    Web method response: [https://app.vsspsext.visualstudio.com/_apis/Profile/Profiles/me/Attributes?partition=VisualStudio.14_PreferredProfile&modifiedafterrevision=531763] (GET)Attributes[Profile] 64 ms
    Web method response: [https://app.vsspsext.visualstudio.com/_apis/Profile/Profiles/me/Avatar?size=Small] (GET)Avatar[Profile] 84 ms
    Web method response: [https://app.vsspsext.visualstudio.com/_apis/Profile/Profiles/me/Avatar?size=Large] (GET)Avatar[Profile] 141 ms
eck for updates.
.
    no completion session yet and this is NOT a trigger char, we won't have completion.
    Entered completion command handler for typechar.
    no completion session yet and this is NOT a trigger char, we won't have completion.
    Entered completion command handler for typechar.
    no completion session yet and this is NOT a trigger char, we won't have completion.
    Entered completion command handler for typechar.
    no completion session yet and this is NOT a trigger char, we won't have completion.
    Failed to check for updates.
ompletion session.
    computing completion again and filtering...
    Entered completion command handler for typechar.
    we have a completion session.
    Entered completion command handler for typechar.
    we have a completion session.
    Entered completion command handler for typechar.
    we have a completion session.
    Entered completion command handler for typechar.
    we have a completion session.
    Entered completion command handler for typechar.
    we have a completion session.
    committing the session...
    the char commit/dismiss -ed a session and is trigerring completion again. starting model computation.
    Entered completion command handler for typechar.
    no completion session yet and this is NOT a trigger char, we won't have completion.
    Entered completion command handler for typechar.
    no completion session yet and this is NOT a trigger char, we won't have completion.
